<?xml version="1.0" encoding="UTF-8"?>
<!-- Generated by org.testng.reporters.JUnitReportReporter -->
<testsuite skipped="0" hostname="DESKTOP-IH52Q56" name="Runners.RunTestWithTestNG" tests="1" failures="0" timestamp="2022-05-18T15:13:57 IST" time="206.763" errors="0">
  <testcase name="runScenario" time="206.763" classname="Runners.RunTestWithTestNG"/>
  <system-out/>
</testsuite> <!-- Runners.RunTestWithTestNG -->
